<?xml version="1.0" encoding="UTF-8"?>
<!-- Generated by org.testng.reporters.JUnitReportReporter -->
<testsuite hostname="DESKTOP-BBN4TQ6" failures="0" tests="3" name="com.learning.week3.AutomationTests" time="0.020" errors="0" timestamp="11 Jan 2022 18:50:38 GMT">
  <testcase classname="com.learning.week3.AutomationTests" name="myTest2" time="0.003"/>
  <testcase classname="com.learning.week3.AutomationTests" name="myTest4" time="0.002"/>
  <testcase classname="com.learning.week3.AutomationTests" name="myTest1" time="0.015"/>
</testsuite> <!-- com.learning.week3.AutomationTests -->
