<?xml version="1.0" encoding="UTF-8"?>
<!-- Generated by org.testng.reporters.JUnitReportReporter -->
<testsuite hostname="DESKTOP-BBN4TQ6" failures="0" tests="1" name="com.learning.week3.LearningSeleniumMethods" time="37.554" errors="0" timestamp="22 Jan 2022 02:41:26 GMT">
  <testcase classname="com.learning.week3.LearningSeleniumMethods" name="findAllLinks" time="37.554"/>
</testsuite> <!-- com.learning.week3.LearningSeleniumMethods -->
