<?xml version="1.0" encoding="UTF-8"?>
<!-- Generated by org.testng.reporters.JUnitReportReporter -->
<testsuite hostname="DESKTOP-BBN4TQ6" failures="0" tests="1" name="com.morgagecalculator.tests.BuyAHouseTest" time="54.552" errors="0" timestamp="21 Jan 2022 19:28:27 GMT">
  <testcase classname="com.morgagecalculator.tests.BuyAHouseTest" name="buyASingleHouseTest" time="54.552"/>
</testsuite> <!-- com.morgagecalculator.tests.BuyAHouseTest -->
