<?xml version="1.0" encoding="UTF-8"?>
<!-- Generated by org.testng.reporters.JUnitReportReporter -->
<testsuite hostname="DESKTOP-BBN4TQ6" failures="0" tests="2" name="com.jqueryui.test.TestingJquery" time="20.225" errors="0" timestamp="22 Jan 2022 03:45:23 GMT">
  <testcase classname="com.jqueryui.test.TestingJquery" name="JqueryhomePageTest" time="9.280"/>
  <testcase classname="com.jqueryui.test.TestingJquery" name="clickDroppable" time="10.945"/>
</testsuite> <!-- com.jqueryui.test.TestingJquery -->
