<?xml version="1.0" encoding="UTF-8"?>
<!-- Generated by org.testng.reporters.JUnitReportReporter -->
<testsuite hostname="DESKTOP-BBN4TQ6" failures="0" tests="2" name="com.learning.week3.LearningSeleniumMethod2" time="41.861" errors="0" timestamp="22 Jan 2022 02:44:33 GMT">
  <testcase classname="com.learning.week3.LearningSeleniumMethod2" name="seleniumMethodTests" time="26.869"/>
  <testcase classname="com.learning.week3.LearningSeleniumMethod2" name="seleniumHoverOver" time="14.992"/>
</testsuite> <!-- com.learning.week3.LearningSeleniumMethod2 -->
